# JRE version: Java(TM) SE Runtime Environment 18.9 (11.0.12+8) (build 11.0.12+8-LTS-237)
# Java VM: Java HotSpot(TM) 64-Bit Server VM 18.9 (11.0.12+8-LTS-237, mixed mode, tiered, compressed oops, g1 gc, windows-amd64)
Heap:
 garbage-first heap   total 487424K, used 329962K [0x0000000080000000, 0x0000000100000000)
  region size 1024K, 18 young (18432K), 9 survivors (9216K)
 Metaspace       used 171425K, capacity 176412K, committed 177020K, reserved 1204224K
  class space    used 20652K, capacity 22466K, committed 22784K, reserved 1048576K
GC Heap History (10 events):
Event: 4207.931 GC heap before
{Heap before GC invocations=187 (full 0):
 garbage-first heap   total 487424K, used 379279K [0x0000000080000000, 0x0000000100000000)
  region size 1024K, 95 young (97280K), 1 survivors (1024K)
 Metaspace       used 171234K, capacity 176140K, committed 177020K, reserved 1204224K
  class space    used 20640K, capacity 22452K, committed 22784K, reserved 1048576K
}
Event: 4207.980 GC heap after
{Heap after GC invocations=188 (full 0):
 garbage-first heap   total 487424K, used 311808K [0x0000000080000000, 0x0000000100000000)
  region size 1024K, 12 young (12288K), 12 survivors (12288K)
 Metaspace       used 171234K, capacity 176140K, committed 177020K, reserved 1204224K
  class space    used 20640K, capacity 22452K, committed 22784K, reserved 1048576K
}
Event: 4209.253 GC heap before
{Heap before GC invocations=189 (full 0):
 garbage-first heap   total 487424K, used 384512K [0x0000000080000000, 0x0000000100000000)
  region size 1024K, 88 young (90112K), 12 survivors (12288K)
 Metaspace       used 171277K, capacity 176268K, committed 177020K, reserved 1204224K
  class space    used 20642K, capacity 22452K, committed 22784K, reserved 1048576K
}
Event: 4209.302 GC heap after
{Heap after GC invocations=190 (full 0):
 garbage-first heap   total 487424K, used 315882K [0x0000000080000000, 0x0000000100000000)
  region size 1024K, 8 young (8192K), 8 survivors (8192K)
 Metaspace       used 171277K, capacity 176268K, committed 177020K, reserved 1204224K
  class space    used 20642K, capacity 22452K, committed 22784K, reserved 1048576K
}
Event: 4209.575 GC heap before
{Heap before GC invocations=190 (full 0):
 garbage-first heap   total 487424K, used 330218K [0x0000000080000000, 0x0000000100000000)
  region size 1024K, 23 young (23552K), 8 survivors (8192K)
 Metaspace       used 171321K, capacity 176334K, committed 177020K, reserved 1204224K
  class space    used 20648K, capacity 22463K, committed 22784K, reserved 1048576K
}
Event: 4209.648 GC heap after
{Heap after GC invocations=191 (full 0):
 garbage-first heap   total 487424K, used 295685K [0x0000000080000000, 0x0000000100000000)
  region size 1024K, 3 young (3072K), 3 survivors (3072K)
 Metaspace       used 171321K, capacity 176334K, committed 177020K, reserved 1204224K
  class space    used 20648K, capacity 22463K, committed 22784K, reserved 1048576K
}
Event: 4210.109 GC heap before
{Heap before GC invocations=191 (full 0):
 garbage-first heap   total 487424K, used 318213K [0x0000000080000000, 0x0000000100000000)
  region size 1024K, 27 young (27648K), 3 survivors (3072K)
 Metaspace       used 171323K, capacity 176334K, committed 177020K, reserved 1204224K
  class space    used 20648K, capacity 22463K, committed 22784K, reserved 1048576K
}
Event: 4210.131 GC heap after
{Heap after GC invocations=192 (full 0):
 garbage-first heap   total 487424K, used 298656K [0x0000000080000000, 0x0000000100000000)
  region size 1024K, 6 young (6144K), 6 survivors (6144K)
 Metaspace       used 171323K, capacity 176334K, committed 177020K, reserved 1204224K
  class space    used 20648K, capacity 22463K, committed 22784K, reserved 1048576K
}
Event: 4212.677 GC heap before
{Heap before GC invocations=193 (full 0):
 garbage-first heap   total 487424K, used 406176K [0x0000000080000000, 0x0000000100000000)
  region size 1024K, 92 young (94208K), 6 survivors (6144K)
 Metaspace       used 171423K, capacity 176412K, committed 177020K, reserved 1204224K
  class space    used 20652K, capacity 22466K, committed 22784K, reserved 1048576K
}
Event: 4212.706 GC heap after
{Heap after GC invocations=194 (full 0):
 garbage-first heap   total 487424K, used 313578K [0x0000000080000000, 0x0000000100000000)
  region size 1024K, 9 young (9216K), 9 survivors (9216K)
 Metaspace       used 171423K, capacity 176412K, committed 177020K, reserved 1204224K
  class space    used 20652K, capacity 22466K, committed 22784K, reserved 1048576K
}

